<?xml version="1.0" encoding="UTF-8"?>
<!-- Generated by org.testng.reporters.JUnitReportReporter -->
<testsuite hostname="LAP-073" name="com.loginext.Scenarios.MobileTest" tests="1" failures="0" timestamp="21 Jun 2018 19:09:35 GMT" time="18.213" errors="0">
  <testcase name="wikipediaTest" time="18.213" classname="com.loginext.Scenarios.MobileTest"/>
</testsuite> <!-- com.loginext.Scenarios.MobileTest -->
