<?xml version="1.0" encoding="UTF-8"?>
<!-- Generated by org.testng.reporters.JUnitReportReporter -->
<testsuite hostname="LAP-073.local" name="com.loginext.Scenarios.Mile_API" tests="1" failures="0" timestamp="9 May 2018 06:47:34 GMT" time="70.889" errors="0">
  <testcase name="verifyAPI_Tests" time="70.889" classname="com.loginext.Scenarios.Mile_API"/>
</testsuite> <!-- com.loginext.Scenarios.Mile_API -->
