<?xml version="1.0" encoding="UTF-8"?>
<!-- Generated by org.testng.reporters.JUnitReportReporter -->
<testsuite hostname="LAP-073.local" name="com.loginext.Scenarios.Geofence" tests="1" failures="0" timestamp="16 Jun 2018 06:15:24 GMT" time="13.649" errors="0">
  <testcase name="addGeofence" time="13.649" classname="com.loginext.Scenarios.Geofence"/>
</testsuite> <!-- com.loginext.Scenarios.Geofence -->
