<?xml version="1.0" encoding="UTF-8"?>
<!-- Generated by org.testng.reporters.JUnitReportReporter -->
<testsuite hostname="LAP-073.local" name="com.loginext.Scenarios.Haul_Reports" tests="1" failures="0" timestamp="15 Jun 2018 06:30:55 GMT" time="156.486" errors="0">
  <testcase name="verifyMISReport" time="156.486" classname="com.loginext.Scenarios.Haul_Reports"/>
</testsuite> <!-- com.loginext.Scenarios.Haul_Reports -->
