<?xml version="1.0" encoding="UTF-8"?>
<!-- Generated by org.testng.reporters.JUnitReportReporter -->
<testsuite hostname="LAP-073.local" name="com.loginext.Scenarios.Driver" tests="1" failures="0" timestamp="29 May 2018 13:44:11 GMT" time="45.633" errors="0">
  <testcase name="driverReportDownload" time="45.633" classname="com.loginext.Scenarios.Driver"/>
</testsuite> <!-- com.loginext.Scenarios.Driver -->
