<?xml version="1.0" encoding="UTF-8"?>
<!-- Generated by org.testng.reporters.JUnitReportReporter -->
<testsuite hostname="LAP-073.local" name="com.loginext.Scenarios.ReportScheduling" tests="1" failures="0" timestamp="4 Jun 2018 09:41:37 GMT" time="101.473" errors="0">
  <testcase name="verifyReportScheduleUpdates" time="101.473" classname="com.loginext.Scenarios.ReportScheduling"/>
</testsuite> <!-- com.loginext.Scenarios.ReportScheduling -->
