<?xml version="1.0" encoding="UTF-8"?>
<!-- Generated by org.testng.reporters.JUnitReportReporter -->
<testsuite hostname="LAP-073" name="com.loginext.Scenarios.Webhooks" tests="1" failures="0" timestamp="7 Jun 2018 10:39:41 GMT" time="150.488" errors="0">
  <testcase name="verifyCreateOrderWebhook" time="150.488" classname="com.loginext.Scenarios.Webhooks"/>
</testsuite> <!-- com.loginext.Scenarios.Webhooks -->
