<?xml version="1.0" encoding="UTF-8"?>
<!-- Generated by org.testng.reporters.JUnitReportReporter -->
<testsuite hostname="LAP-073.local" name="com.loginext.Scenarios.Wallet" tests="1" failures="0" timestamp="20 Jun 2018 09:51:30 GMT" time="193.950" errors="0">
  <testcase name="verifyWalletTransaction" time="193.950" classname="com.loginext.Scenarios.Wallet"/>
</testsuite> <!-- com.loginext.Scenarios.Wallet -->
